<?xml version="1.0" encoding="UTF-8"?>
<!-- Generated by org.testng.reporters.JUnitReportReporter -->
<testsuite hostname="DESKTOP-3PKNHUN" failures="0" tests="1" name="com.TimeAndFees.RunnerFiles.TimeAndFees_Jobs_Runner" time="141.067" errors="0" timestamp="2025-08-31T14:58:39 IST" skipped="0">
  <testcase classname="com.TimeAndFees.RunnerFiles.TimeAndFees_Jobs_Runner" name="runScenario" time="141.067"/>
</testsuite> <!-- com.TimeAndFees.RunnerFiles.TimeAndFees_Jobs_Runner -->
