<?xml version="1.0" encoding="UTF-8"?>
<!-- Generated by org.testng.reporters.JUnitReportReporter -->
<testsuite hostname="vmautoqa-0" failures="0" tests="3" name="com.TimeAndFees.RunnerFiles.TimeAndFees_AccountMenu_Runner" time="190.663" errors="0" timestamp="2025-10-17T15:48:52 IST" skipped="0">
  <testcase classname="com.TimeAndFees.RunnerFiles.TimeAndFees_AccountMenu_Runner" name="runScenario" time="41.536"/>
  <testcase classname="com.TimeAndFees.RunnerFiles.TimeAndFees_AccountMenu_Runner" name="runScenario" time="61.319"/>
  <testcase classname="com.TimeAndFees.RunnerFiles.TimeAndFees_AccountMenu_Runner" name="runScenario" time="87.808"/>
</testsuite> <!-- com.TimeAndFees.RunnerFiles.TimeAndFees_AccountMenu_Runner -->
