<?xml version="1.0" encoding="UTF-8"?>
<!-- Generated by org.testng.reporters.JUnitReportReporter -->
<testsuite hostname="DESKTOP-3PKNHUN" failures="0" tests="1" name="com.TimeAndFees.RunnerFiles.TimeAndFees_Dashboard_Runner" time="34.701" errors="0" timestamp="2025-09-01T11:26:02 IST" skipped="0">
  <testcase classname="com.TimeAndFees.RunnerFiles.TimeAndFees_Dashboard_Runner" name="runScenario" time="34.701"/>
</testsuite> <!-- com.TimeAndFees.RunnerFiles.TimeAndFees_Dashboard_Runner -->
