<?xml version="1.0" encoding="UTF-8"?>
<!-- Generated by org.testng.reporters.JUnitReportReporter -->
<testsuite hostname="DESKTOP-3PKNHUN" failures="0" tests="1" name="com.TimeAndFees.RunnerFiles.TimeAndFees_Fees_Runner" time="212.538" errors="0" timestamp="2025-09-01T08:38:45 IST" skipped="0">
  <testcase classname="com.TimeAndFees.RunnerFiles.TimeAndFees_Fees_Runner" name="runScenario" time="212.538"/>
</testsuite> <!-- com.TimeAndFees.RunnerFiles.TimeAndFees_Fees_Runner -->
